<?xml version="1.0" encoding="UTF-8"?>
<!-- Generated by org.testng.reporters.JUnitReportReporter -->
<testsuite hostname="Sohaib-PF41834F" failures="0" tests="3" name="tests.MyAccountTest" time="86.330" errors="0" timestamp="2024-03-18T12:17:47 PKT" skipped="0">
  <testcase classname="tests.MyAccountTest" name="editLastName" time="28.874"/>
  <testcase classname="tests.MyAccountTest" name="editFirstName" time="29.337"/>
  <testcase classname="tests.MyAccountTest" name="changePassword" time="28.119"/>
</testsuite> <!-- tests.MyAccountTest -->
