<?xml version="1.0" encoding="UTF-8"?>
<!-- Generated by org.testng.reporters.JUnitReportReporter -->
<testsuite hostname="Sohaib-PF41834F" failures="0" tests="1" name="tests.LoginTest" time="21.656" errors="0" timestamp="2024-03-01T12:46:38 PKT" skipped="0">
  <testcase classname="tests.LoginTest" name="login" time="21.656"/>
</testsuite> <!-- tests.LoginTest -->
